
 Proprietary Notice
 This application contains the confidential and
 proprietary trade secrets of Schlumberger and may
 not be copied or stored in an information retrieval
 system, transferred, used, distributed, translated,
 or retransmitted in any form or by any means, electronic
 or mechanical, in whole or in part, without the
 express written permission of the copyright owner.

 ECLIPSE is a mark of Schlumberger. Copyright (c)
 1981-2016 Schlumberger. All rights reserved.

     1 READING RUNSPEC
     2 READING TITLE
     3 READING DIMENS
     4 READING FIELD
     5 READING OIL
     6 READING WATER
     7 READING START
     8 READING WELLDIMS
     9 READING UNIFOUT
    10 READING UNIFIN
    11 READING NSTACK
    12 READING GRID

 @--MESSAGE  AT TIME        0.0   DAYS    ( 1-JUN-2018):
 @           CHECKING FOR LICENSES

 @--MESSAGE  AT TIME        0.0   DAYS    ( 1-JUN-2018):
 @           CHECKING FOR LICENSES

 @--MESSAGE  AT TIME        0.0   DAYS    ( 1-JUN-2018):
 @           THE MEMORY REQUIRED TO PROCESS THE GRID SECTION IS
 @                 7845 KBYTES
    14 READING GRIDFILE
    15 READING INIT
    16 READING TOPS
    17 READING DX
    18 READING DY
    19 READING DZ
    20 READING PORO
    21 READING INCLUDE PERMX.DAT
    22 READING PERMX
               END OF INCLUDE FILE
    23 READING COPY
    24 READING PERMZ
    25 READING PROPS

 @--MESSAGE  AT TIME        0.0   DAYS    ( 1-JUN-2018):
 @           NEITHER OLDTRAN,OLDTRANR NOR NEWTRAN SPECIFIED
 @           BLOCK CENTRE TRANSMISSIBILITIES TO BE CALCULATED
 @           USING  OLDTRAN

 @--COMMENT  AT TIME        0.0   DAYS    ( 1-JUN-2018):
 @           NO NON-NEIGHBOUR CONNECTIONS FOUND

 @--MESSAGE  AT TIME        0.0   DAYS    ( 1-JUN-2018):
 @           NUMBER OF ACTIVE CELLS IS 16384

 @--MESSAGE  AT TIME        0.0   DAYS    ( 1-JUN-2018):
 @           THE MEMORY REQUIRED TO PROCESS THE SOLUTION SECTION IS
 @                16167 KBYTES

 @--MESSAGE  AT TIME        0.0   DAYS    ( 1-JUN-2018):
 @              62279 CHARACTER VARIABLES USED
    26 READING PVDO
    27 READING PVTW
    28 READING ROCK
    29 READING DENSITY
    30 READING SWOF
    31 READING SOLUTION
    32 READING INCLUDE SOLUTION.DAT
    33 READING PRESSURE
    34 READING SWAT
               END OF INCLUDE FILE
    35 READING RPTSOL
    36 READING SUMMARY
    37 READING RUNSUM
    38 READING SEPARATE
    39 READING RPTONLY
    40 READING WOPR
    41 READING WWCT
    42 READING FOPT
    43 READING FWPT
    44 READING SCHEDULE
    45 READING RPTSCHED
    46 READING RPTRST
    47 READING WELSPECS
    48 READING COMPDAT
    49 READING WCONPROD

 @--WARNING  AT TIME        0.0   DAYS    ( 1-JUN-2018):
 @           THE BOTTOM HOLE PRESSURE LIMIT FOR WELL P1
 @           HAS BEEN DEFAULTED.  THE DEFAULT VALUE IS
 @               14.7   PSIA

 @--MESSAGE  AT TIME        0.0   DAYS    ( 1-JUN-2018):
 @           OPENING WELL P1       AT TIME      0.00   DAYS
 @           CONTROLLED BY LIQUID RATE
    50 READING WCONINJE

 @--WARNING  AT TIME        0.0   DAYS    ( 1-JUN-2018):
 @           THE BOTTOM HOLE PRESSURE LIMIT FOR WELL I9
 @           HAS BEEN DEFAULTED. THE DEFAULT VALUE IS  100000.   PSIA

 @--MESSAGE  AT TIME        0.0   DAYS    ( 1-JUN-2018):
 @           OPENING WELL I9       AT TIME      0.00   DAYS
 @           CONTROLLED BY WATER RATE
    51 READING INCLUDE TSTEP.DAT
    52 READING TSTEP

 @--MESSAGE  AT TIME        0.0   DAYS    ( 1-JUN-2018):
 @           RESTART FILE WRITTEN   REPORT     0

 @--PROBLEM  AT TIME        0.0   DAYS    ( 1-JUN-2018):
 @           NON-LINEAR EQUATION CONVERGENCE FAILURE (INIT)
 @           ITERATION LIMIT REACHED - TIME STEP CHOPPED FROM   1.00 DAYS

 @--PROBLEM  AT TIME        0.0   DAYS    ( 1-JUN-2018):
 @           NON-LINEAR EQUATION CONVERGENCE FAILURE
 @           ITERATION LIMIT REACHED - BUT TIME STEP
 @           ACCEPTED BECAUSE IT IS TOO SMALL TO CHOP.
 @           USE KEYWORD MESSOPTS TO MODIFY THE SEVERITY CODE FOR
 @           MESSAGES REPORTING TIME STEPS FORCED TO BE ACCEPTED.

 @--MESSAGE  AT TIME        0.0   DAYS    ( 1-JUN-2018):
 @           ******************************************
 @           * WELL P1       HAS CHANGED TO           *
 @           * CONTROL BY BOTTOM HOLE PRESSURE        *
 @           * FROM TIME      0.00   DAYS  .          *
 @           ******************************************

 @--MESSAGE  AT TIME        0.0   DAYS    ( 1-JUN-2018):
 @           ******************************************
 @           * WELL I9       HAS CHANGED TO           *
 @           * CONTROL BY BOTTOM HOLE PRESSURE        *
 @           * FROM TIME      0.00   DAYS  .          *
 @           ******************************************
 STEP    1 TIME=      2.40 HOURS (    +2.4 HOURS CHOP 12 ITS) (1-JUN-2018)
  PAV=  2000.0  PSIA   WCT=0.002 GOR= 0.00000  MSCF/STB WGR= 0.00000  STB/MSCF

 @--PROBLEM  AT TIME        0.1   DAYS    ( 1-JUN-2018):
 @           NON-LINEAR EQUATION CONVERGENCE FAILURE
 @           ITERATION LIMIT REACHED - BUT TIME STEP
 @           ACCEPTED BECAUSE IT IS TOO SMALL TO CHOP.
 @           USE KEYWORD MESSOPTS TO MODIFY THE SEVERITY CODE FOR
 @           MESSAGES REPORTING TIME STEPS FORCED TO BE ACCEPTED.
 STEP    2 TIME=      5.40 HOURS (    +3.0 HOURS DIFF 12 ITS) (1-JUN-2018)
  PAV=  2000.0  PSIA   WCT=0.003 GOR= 0.00000  MSCF/STB WGR= 0.00000  STB/MSCF

 @--PROBLEM  AT TIME        0.2   DAYS    ( 1-JUN-2018):
 @           NON-LINEAR EQUATION CONVERGENCE FAILURE (DIFF)
 @           ITERATION LIMIT REACHED - TIME STEP CHOPPED FROM   4.69 HOURS
 STEP    3 TIME=      5.87 HOURS (   +28.1  MINS CHOP  5 ITS) (1-JUN-2018)
  PAV=  2000.2  PSIA   WCT=0.004 GOR= 0.00000  MSCF/STB WGR= 0.00000  STB/MSCF
 STEP    4 TIME=      6.45 HOURS (   +35.2  MINS DIFF  4 ITS) (1-JUN-2018)
  PAV=  2000.4  PSIA   WCT=0.004 GOR= 0.00000  MSCF/STB WGR= 0.00000  STB/MSCF
 STEP    5 TIME=      7.37 HOURS (   +54.9  MINS DIFF  5 ITS) (1-JUN-2018)
  PAV=  2000.9  PSIA   WCT=0.004 GOR= 0.00000  MSCF/STB WGR= 0.00000  STB/MSCF
 STEP    6 TIME=      8.80 HOURS (    +1.4 HOURS DIFF  5 ITS) (1-JUN-2018)
  PAV=  2001.9  PSIA   WCT=0.004 GOR= 0.00000  MSCF/STB WGR= 0.00000  STB/MSCF
 STEP    7 TIME=     11.04 HOURS (    +2.2 HOURS DIFF  5 ITS) (1-JUN-2018)
  PAV=  2003.3  PSIA   WCT=0.004 GOR= 0.00000  MSCF/STB WGR= 0.00000  STB/MSCF
 STEP    8 TIME=     13.44 HOURS (    +2.4 HOURS MINS  3 ITS) (1-JUN-2018)
  PAV=  2004.5  PSIA   WCT=0.005 GOR= 0.00000  MSCF/STB WGR= 0.00000  STB/MSCF
 STEP    9 TIME=     16.38 HOURS (    +2.9 HOURS TRNC  4 ITS) (1-JUN-2018)
  PAV=  2005.7  PSIA   WCT=0.005 GOR= 0.00000  MSCF/STB WGR= 0.00000  STB/MSCF
 STEP   10 TIME=     20.72 HOURS (    +4.3 HOURS TRNC  3 ITS) (1-JUN-2018)
  PAV=  2007.3  PSIA   WCT=0.005 GOR= 0.00000  MSCF/STB WGR= 0.00000  STB/MSCF
 STEP   11 TIME=      1.15  DAYS (    +6.8 HOURS TRNC  4 ITS) (2-JUN-2018)
  PAV=  2009.3  PSIA   WCT=0.005 GOR= 0.00000  MSCF/STB WGR= 0.00000  STB/MSCF
 STEP   12 TIME=      1.50  DAYS (    +8.5 HOURS DIFF  4 ITS) (2-JUN-2018)
  PAV=  2011.3  PSIA   WCT=0.006 GOR= 0.00000  MSCF/STB WGR= 0.00000  STB/MSCF
 STEP   13 TIME=      1.96  DAYS (   +11.0 HOURS TRNC  4 ITS) (2-JUN-2018)
  PAV=  2013.6  PSIA   WCT=0.006 GOR= 0.00000  MSCF/STB WGR= 0.00000  STB/MSCF
 STEP   14 TIME=      2.62  DAYS (   +15.8 HOURS TRNC  4 ITS) (3-JUN-2018)
  PAV=  2016.7  PSIA   WCT=0.006 GOR= 0.00000  MSCF/STB WGR= 0.00000  STB/MSCF
 STEP   15 TIME=      3.48  DAYS (   +20.6 HOURS TRNC  4 ITS) (4-JUN-2018)
  PAV=  2020.4  PSIA   WCT=0.007 GOR= 0.00000  MSCF/STB WGR= 0.00000  STB/MSCF
 STEP   16 TIME=      4.56  DAYS (    +1.1  DAYS DIFF  4 ITS) (5-JUN-2018)
  PAV=  2024.9  PSIA   WCT=0.007 GOR= 0.00000  MSCF/STB WGR= 0.00000  STB/MSCF
 STEP   17 TIME=      6.01  DAYS (    +1.4  DAYS TRNC  4 ITS) (7-JUN-2018)
  PAV=  2030.5  PSIA   WCT=0.007 GOR= 0.00000  MSCF/STB WGR= 0.00000  STB/MSCF
 STEP   18 TIME=      7.81  DAYS (    +1.8  DAYS TRNC  4 ITS) (8-JUN-2018)
  PAV=  2037.2  PSIA   WCT=0.007 GOR= 0.00000  MSCF/STB WGR= 0.00000  STB/MSCF
 STEP   19 TIME=     10.01  DAYS (    +2.2  DAYS TRNC  4 ITS) (11-JUN-2018)
  PAV=  2045.1  PSIA   WCT=0.008 GOR= 0.00000  MSCF/STB WGR= 0.00000  STB/MSCF
 STEP   20 TIME=     12.62  DAYS (    +2.6  DAYS TRNC  4 ITS) (13-JUN-2018)
  PAV=  2053.8  PSIA   WCT=0.008 GOR= 0.00000  MSCF/STB WGR= 0.00000  STB/MSCF
 STEP   21 TIME=     15.69  DAYS (    +3.1  DAYS TRNC  4 ITS) (16-JUN-2018)
  PAV=  2063.7  PSIA   WCT=0.008 GOR= 0.00000  MSCF/STB WGR= 0.00000  STB/MSCF
 STEP   22 TIME=     19.37  DAYS (    +3.7  DAYS TRNC  4 ITS) (20-JUN-2018)
  PAV=  2075.1  PSIA   WCT=0.009 GOR= 0.00000  MSCF/STB WGR= 0.00000  STB/MSCF
 STEP   23 TIME=     23.79  DAYS (    +4.4  DAYS TRNC  4 ITS) (24-JUN-2018)
  PAV=  2088.3  PSIA   WCT=0.009 GOR= 0.00000  MSCF/STB WGR= 0.00000  STB/MSCF
 STEP   24 TIME=     28.89  DAYS (    +5.1  DAYS TRNC  4 ITS) (29-JUN-2018)
  PAV=  2103.2  PSIA   WCT=0.009 GOR= 0.00000  MSCF/STB WGR= 0.00000  STB/MSCF
 STEP   25 TIME=     34.88  DAYS (    +6.0  DAYS TRNC  4 ITS) (5-JLY-2018)
  PAV=  2120.3  PSIA   WCT=0.009 GOR= 0.00000  MSCF/STB WGR= 0.00000  STB/MSCF
 STEP   26 TIME=     41.85  DAYS (    +7.0  DAYS TRNC  4 ITS) (12-JLY-2018)
  PAV=  2139.8  PSIA   WCT=0.010 GOR= 0.00000  MSCF/STB WGR= 0.00000  STB/MSCF
 STEP   27 TIME=     49.89  DAYS (    +8.0  DAYS TRNC  4 ITS) (20-JLY-2018)
  PAV=  2162.0  PSIA   WCT=0.010 GOR= 0.00000  MSCF/STB WGR= 0.00000  STB/MSCF
 STEP   28 TIME=     58.97  DAYS (    +9.1  DAYS TRNC  4 ITS) (29-JLY-2018)
  PAV=  2186.7  PSIA   WCT=0.010 GOR= 0.00000  MSCF/STB WGR= 0.00000  STB/MSCF
 STEP   29 TIME=     69.33  DAYS (   +10.4  DAYS TRNC  4 ITS) (9-AUG-2018)
  PAV=  2214.6  PSIA   WCT=0.011 GOR= 0.00000  MSCF/STB WGR= 0.00000  STB/MSCF
 STEP   30 TIME=     81.07  DAYS (   +11.7  DAYS TRNC  4 ITS) (21-AUG-2018)
  PAV=  2246.1  PSIA   WCT=0.011 GOR= 0.00000  MSCF/STB WGR= 0.00000  STB/MSCF
 STEP   31 TIME=     94.23  DAYS (   +13.2  DAYS TRNC  4 ITS) (3-SEP-2018)
  PAV=  2281.1  PSIA   WCT=0.011 GOR= 0.00000  MSCF/STB WGR= 0.00000  STB/MSCF
 STEP   32 TIME=    108.96  DAYS (   +14.7  DAYS TRNC  4 ITS) (17-SEP-2018)
  PAV=  2320.3  PSIA   WCT=0.011 GOR= 0.00000  MSCF/STB WGR= 0.00000  STB/MSCF
 STEP   33 TIME=    125.25  DAYS (   +16.3  DAYS TRNC  4 ITS) (4-OCT-2018)
  PAV=  2363.7  PSIA   WCT=0.012 GOR= 0.00000  MSCF/STB WGR= 0.00000  STB/MSCF
 STEP   34 TIME=    143.21  DAYS (   +18.0  DAYS TRNC  4 ITS) (22-OCT-2018)
  PAV=  2411.8  PSIA   WCT=0.012 GOR= 0.00000  MSCF/STB WGR= 0.00000  STB/MSCF
 STEP   35 TIME=    162.70  DAYS (   +19.5  DAYS TRNC  4 ITS) (10-NOV-2018)
  PAV=  2464.3  PSIA   WCT=0.012 GOR= 0.00000  MSCF/STB WGR= 0.00000  STB/MSCF
 STEP   36 TIME=    184.19  DAYS (   +21.5  DAYS TRNC  4 ITS) (2-DEC-2018)
  PAV=  2522.5  PSIA   WCT=0.012 GOR= 0.00000  MSCF/STB WGR= 0.00000  STB/MSCF
 STEP   37 TIME=    207.13  DAYS (   +22.9  DAYS TRNC  4 ITS) (25-DEC-2018)
  PAV=  2584.9  PSIA   WCT=0.012 GOR= 0.00000  MSCF/STB WGR= 0.00000  STB/MSCF
 STEP   38 TIME=    231.18  DAYS (   +24.1  DAYS TRNC  4 ITS) (18-JAN-2019)
  PAV=  2650.6  PSIA   WCT=0.013 GOR= 0.00000  MSCF/STB WGR= 0.00000  STB/MSCF
 STEP   39 TIME=    257.10  DAYS (   +25.9  DAYS TRNC  4 ITS) (13-FEB-2019)
  PAV=  2721.7  PSIA   WCT=0.013 GOR= 0.00000  MSCF/STB WGR= 0.00000  STB/MSCF
 STEP   40 TIME=    284.61  DAYS (   +27.5  DAYS TRNC  4 ITS) (12-MAR-2019)
  PAV=  2797.6  PSIA   WCT=0.013 GOR= 0.00000  MSCF/STB WGR= 0.00000  STB/MSCF
 STEP   41 TIME=    313.72  DAYS (   +29.1  DAYS TRNC  4 ITS) (10-APR-2019)
  PAV=  2878.7  PSIA   WCT=0.013 GOR= 0.00000  MSCF/STB WGR= 0.00000  STB/MSCF
 STEP   42 TIME=    344.15  DAYS (   +30.4  DAYS TRNC  4 ITS) (11-MAY-2019)
  PAV=  2964.3  PSIA   WCT=0.013 GOR= 0.00000  MSCF/STB WGR= 0.00000  STB/MSCF
 STEP   43 TIME=    376.16  DAYS (   +32.0  DAYS TRNC  4 ITS) (12-JUN-2019)
  PAV=  3055.8  PSIA   WCT=0.013 GOR= 0.00000  MSCF/STB WGR= 0.00000  STB/MSCF
 STEP   44 TIME=    409.89  DAYS (   +33.7  DAYS TRNC  4 ITS) (15-JLY-2019)
  PAV=  3154.0  PSIA   WCT=0.013 GOR= 0.00000  MSCF/STB WGR= 0.00000  STB/MSCF
 STEP   45 TIME=    445.38  DAYS (   +35.5  DAYS TRNC  4 ITS) (20-AUG-2019)
  PAV=  3260.0  PSIA   WCT=0.014 GOR= 0.00000  MSCF/STB WGR= 0.00000  STB/MSCF
 STEP   46 TIME=    482.88  DAYS (   +37.5  DAYS TRNC  5 ITS) (26-SEP-2019)
  PAV=  3375.1  PSIA   WCT=0.014 GOR= 0.00000  MSCF/STB WGR= 0.00000  STB/MSCF
 STEP   47 TIME=    522.05  DAYS (   +39.2  DAYS TRNC  5 ITS) (5-NOV-2019)
  PAV=  3499.0  PSIA   WCT=0.014 GOR= 0.00000  MSCF/STB WGR= 0.00000  STB/MSCF
 STEP   48 TIME=    563.20  DAYS (   +41.1  DAYS TRNC  5 ITS) (16-DEC-2019)
  PAV=  3633.2  PSIA   WCT=0.014 GOR= 0.00000  MSCF/STB WGR= 0.00000  STB/MSCF
 STEP   49 TIME=    607.05  DAYS (   +43.9  DAYS TRNC  5 ITS) (29-JAN-2020)
  PAV=  3780.5  PSIA   WCT=0.014 GOR= 0.00000  MSCF/STB WGR= 0.00000  STB/MSCF
 STEP   50 TIME=    654.18  DAYS (   +47.1  DAYS TRNC  5 ITS) (16-MAR-2020)
  PAV=  3943.4  PSIA   WCT=0.014 GOR= 0.00000  MSCF/STB WGR= 0.00000  STB/MSCF
 STEP   51 TIME=    703.46  DAYS (   +49.3  DAYS TRNC  5 ITS) (4-MAY-2020)
  PAV=  4118.0  PSIA   WCT=0.014 GOR= 0.00000  MSCF/STB WGR= 0.00000  STB/MSCF
 STEP   52 TIME=    751.73  DAYS (   +48.3  DAYS HALF  4 ITS) (21-JUN-2020)
  PAV=  4292.6  PSIA   WCT=0.014 GOR= 0.00000  MSCF/STB WGR= 0.00000  STB/MSCF
 STEP   53 TIME=    800.00  DAYS (   +48.3  DAYS REPT  4 ITS) (9-AUG-2020)
  PAV=  4470.8  PSIA   WCT=0.014 GOR= 0.00000  MSCF/STB WGR= 0.00000  STB/MSCF

 @--MESSAGE  AT TIME      800.0   DAYS    ( 9-AUG-2020):
 @           RESTART FILE WRITTEN   REPORT     1
               END OF INCLUDE FILE
    53 READING END
           18 Mbytes of storage required
   1.1304     KB/active cell
           39 Mbytes (image size)

 Error summary
 Comments               1
 Warnings               2
 Problems               4
 Errors                 0
 Bugs                   0
 Final cpu      22.47 elapsed      22.47
 Total number of time steps forced to be accepted          2
 PRODUCING RUN SUMMARIES
 FORWARD_SIMULATION.SMSPEC exists
 SPEC file succesfully read
 Opened file FORWARD_SIMULATION.UNSMRY
     1 files exist containing        2 timesteps
 Summary file FORWARD_SIMULATION.UNSMRY opened
                    21  vectors loaded
 RUN SUMMARIES COMPLETE


























































































































































